[2025-07-04 02:12:24] INFO: [SESSION] Session initialized {"session_id":"iam63de7dn15a9m4laho2utpp2","secure":false} []
[2025-07-04 02:12:24] INFO: [MINDBODY API] API client initialized {"api_key":"5c339...","site_id":"-2147480113","source_name":"_BLINK"} []
[2025-07-04 02:12:24] INFO: FlexKit Ten application started {"request_uri":"/api/status","method":"GET","user_agent":"PostmanRuntime/7.44.0"} []
[2025-07-04 02:12:24] DEBUG: Session value set {"key":"last_activity","session_id":"iam63de7dn15a9m4laho2utpp2"} []
[2025-07-04 02:12:24] DEBUG: Handling request: GET /api/status [] []
[2025-07-04 02:12:24] DEBUG: CORS middleware processed [] []
[2025-07-04 02:12:24] INFO: Request received {"method":"GET","path":"/api/status","query":[],"user_agent":"PostmanRuntime/7.44.0"} []
[2025-07-04 02:12:24] INFO: [MINDBODY API] Starting token request {"site_id":"-2147480113","source_name":"_BLINK"} []
[2025-07-04 02:12:24] INFO: [MINDBODY API] Making token request {"url":"https://api.mindbodyonline.com/public/v6/usertoken/issue","username":"_BLINK"} []
[2025-07-04 02:12:25] INFO: [MINDBODY API] Token obtained successfully [] []
[2025-07-04 02:12:25] INFO: [MINDBODY API] Making API request {"method":"GET","url":"https://api.mindbodyonline.com/public/v6/site/sites","params":[]} []
[2025-07-04 02:12:26] INFO: [MINDBODY API] API request successful {"endpoint":"/site/sites","response_size":80877} []
[2025-07-04 02:13:04] INFO: [SESSION] Session initialized {"session_id":"iam63de7dn15a9m4laho2utpp2","secure":false} []
[2025-07-04 02:13:04] INFO: [MINDBODY API] API client initialized {"api_key":"5c339...","site_id":"-2147480113","source_name":"_BLINK"} []
[2025-07-04 02:13:04] INFO: FlexKit Ten application started {"request_uri":"/api/auth/email","method":"GET","user_agent":"PostmanRuntime/7.44.0"} []
[2025-07-04 02:13:04] DEBUG: Session value set {"key":"last_activity","session_id":"iam63de7dn15a9m4laho2utpp2"} []
[2025-07-04 02:13:04] DEBUG: Handling request: GET /api/auth/email [] []
[2025-07-04 02:13:04] DEBUG: CORS middleware processed [] []
[2025-07-04 02:13:04] INFO: Request received {"method":"GET","path":"/api/auth/email","query":[],"user_agent":"PostmanRuntime/7.44.0"} []
[2025-07-04 02:13:35] INFO: [SESSION] Session initialized {"session_id":"iam63de7dn15a9m4laho2utpp2","secure":false} []
[2025-07-04 02:13:35] INFO: [MINDBODY API] API client initialized {"api_key":"5c339...","site_id":"-2147480113","source_name":"_BLINK"} []
[2025-07-04 02:13:35] INFO: FlexKit Ten application started {"request_uri":"/api/status","method":"GET","user_agent":"PostmanRuntime/7.44.0"} []
[2025-07-04 02:13:35] DEBUG: Session value set {"key":"last_activity","session_id":"iam63de7dn15a9m4laho2utpp2"} []
[2025-07-04 02:13:35] DEBUG: Handling request: GET /api/status [] []
[2025-07-04 02:13:35] DEBUG: CORS middleware processed [] []
[2025-07-04 02:13:35] INFO: Request received {"method":"GET","path":"/api/status","query":[],"user_agent":"PostmanRuntime/7.44.0"} []
[2025-07-04 02:13:35] INFO: [MINDBODY API] Starting token request {"site_id":"-2147480113","source_name":"_BLINK"} []
[2025-07-04 02:13:35] INFO: [MINDBODY API] Making token request {"url":"https://api.mindbodyonline.com/public/v6/usertoken/issue","username":"_BLINK"} []
[2025-07-04 02:13:36] INFO: [MINDBODY API] Token obtained successfully [] []
[2025-07-04 02:13:36] INFO: [MINDBODY API] Making API request {"method":"GET","url":"https://api.mindbodyonline.com/public/v6/site/sites","params":[]} []
[2025-07-04 02:13:38] INFO: [MINDBODY API] API request successful {"endpoint":"/site/sites","response_size":80877} []
[2025-07-04 02:13:48] INFO: [SESSION] Session initialized {"session_id":"iam63de7dn15a9m4laho2utpp2","secure":false} []
[2025-07-04 02:13:48] INFO: [MINDBODY API] API client initialized {"api_key":"5c339...","site_id":"-2147480113","source_name":"_BLINK"} []
[2025-07-04 02:13:48] INFO: FlexKit Ten application started {"request_uri":"/api/auth/email","method":"POST","user_agent":"PostmanRuntime/7.44.0"} []
[2025-07-04 02:13:48] DEBUG: Session value set {"key":"last_activity","session_id":"iam63de7dn15a9m4laho2utpp2"} []
[2025-07-04 02:13:48] DEBUG: Handling request: POST /api/auth/email [] []
[2025-07-04 02:13:48] DEBUG: CORS middleware processed [] []
[2025-07-04 02:13:48] INFO: Request received {"method":"POST","path":"/api/auth/email","query":[],"user_agent":"PostmanRuntime/7.44.0"} []
[2025-07-04 02:14:00] INFO: [SESSION] Session initialized {"session_id":"iam63de7dn15a9m4laho2utpp2","secure":false} []
[2025-07-04 02:14:00] INFO: [MINDBODY API] API client initialized {"api_key":"5c339...","site_id":"-2147480113","source_name":"_BLINK"} []
[2025-07-04 02:14:00] INFO: FlexKit Ten application started {"request_uri":"/api/auth/email","method":"POST","user_agent":"PostmanRuntime/7.44.0"} []
[2025-07-04 02:14:00] DEBUG: Session value set {"key":"last_activity","session_id":"iam63de7dn15a9m4laho2utpp2"} []
[2025-07-04 02:14:00] DEBUG: Handling request: POST /api/auth/email [] []
[2025-07-04 02:14:00] DEBUG: CORS middleware processed [] []
[2025-07-04 02:14:00] INFO: Request received {"method":"POST","path":"/api/auth/email","query":[],"user_agent":"PostmanRuntime/7.44.0"} []
[2025-07-04 02:14:40] INFO: [SESSION] Session initialized {"session_id":"iam63de7dn15a9m4laho2utpp2","secure":false} []
[2025-07-04 02:14:40] INFO: [MINDBODY API] API client initialized {"api_key":"5c339...","site_id":"-2147480113","source_name":"_BLINK"} []
[2025-07-04 02:14:40] INFO: FlexKit Ten application started {"request_uri":"/api/auth/email","method":"POST","user_agent":"PostmanRuntime/7.44.0"} []
[2025-07-04 02:14:40] DEBUG: Session value set {"key":"last_activity","session_id":"iam63de7dn15a9m4laho2utpp2"} []
[2025-07-04 02:14:40] DEBUG: Handling request: POST /api/auth/email [] []
[2025-07-04 02:14:40] DEBUG: CORS middleware processed [] []
[2025-07-04 02:14:40] INFO: Request received {"method":"POST","path":"/api/auth/email","query":[],"user_agent":"PostmanRuntime/7.44.0"} []
[2025-07-04 02:14:48] INFO: [SESSION] Session initialized {"session_id":"iam63de7dn15a9m4laho2utpp2","secure":false} []
[2025-07-04 02:14:48] INFO: [MINDBODY API] API client initialized {"api_key":"5c339...","site_id":"-2147480113","source_name":"_BLINK"} []
[2025-07-04 02:14:48] INFO: FlexKit Ten application started {"request_uri":"/api/status","method":"POST","user_agent":"PostmanRuntime/7.44.0"} []
[2025-07-04 02:14:48] DEBUG: Session value set {"key":"last_activity","session_id":"iam63de7dn15a9m4laho2utpp2"} []
[2025-07-04 02:14:48] DEBUG: Handling request: POST /api/status [] []
[2025-07-04 02:14:48] DEBUG: CORS middleware processed [] []
[2025-07-04 02:14:48] INFO: Request received {"method":"POST","path":"/api/status","query":[],"user_agent":"PostmanRuntime/7.44.0"} []
[2025-07-04 02:14:51] INFO: [SESSION] Session initialized {"session_id":"iam63de7dn15a9m4laho2utpp2","secure":false} []
[2025-07-04 02:14:51] INFO: [MINDBODY API] API client initialized {"api_key":"5c339...","site_id":"-2147480113","source_name":"_BLINK"} []
[2025-07-04 02:14:51] INFO: FlexKit Ten application started {"request_uri":"/api/status","method":"GET","user_agent":"PostmanRuntime/7.44.0"} []
[2025-07-04 02:14:51] DEBUG: Session value set {"key":"last_activity","session_id":"iam63de7dn15a9m4laho2utpp2"} []
[2025-07-04 02:14:51] DEBUG: Handling request: GET /api/status [] []
[2025-07-04 02:14:51] DEBUG: CORS middleware processed [] []
[2025-07-04 02:14:51] INFO: Request received {"method":"GET","path":"/api/status","query":[],"user_agent":"PostmanRuntime/7.44.0"} []
[2025-07-04 02:14:51] INFO: [MINDBODY API] Starting token request {"site_id":"-2147480113","source_name":"_BLINK"} []
[2025-07-04 02:14:51] INFO: [MINDBODY API] Making token request {"url":"https://api.mindbodyonline.com/public/v6/usertoken/issue","username":"_BLINK"} []
[2025-07-04 02:14:52] INFO: [MINDBODY API] Token obtained successfully [] []
[2025-07-04 02:14:52] INFO: [MINDBODY API] Making API request {"method":"GET","url":"https://api.mindbodyonline.com/public/v6/site/sites","params":[]} []
[2025-07-04 02:14:53] INFO: [MINDBODY API] API request successful {"endpoint":"/site/sites","response_size":80877} []
[2025-07-04 02:16:21] INFO: [SESSION] Session initialized {"session_id":"iam63de7dn15a9m4laho2utpp2","secure":false} []
[2025-07-04 02:16:21] INFO: [MINDBODY API] API client initialized {"api_key":"5c339...","site_id":"-2147480113","source_name":"_BLINK"} []
[2025-07-04 02:16:21] INFO: FlexKit Ten application started {"request_uri":"/api/auth/email","method":"POST","user_agent":"PostmanRuntime/7.44.0"} []
[2025-07-04 02:16:21] DEBUG: Session value set {"key":"last_activity","session_id":"iam63de7dn15a9m4laho2utpp2"} []
[2025-07-04 02:16:21] DEBUG: Handling request: POST /api/auth/email [] []
[2025-07-04 02:16:21] DEBUG: CORS middleware processed [] []
[2025-07-04 02:16:21] INFO: Request received {"method":"POST","path":"/api/auth/email","query":[],"user_agent":"PostmanRuntime/7.44.0"} []
[2025-07-04 02:17:40] INFO: [SESSION] Session initialized {"session_id":"iam63de7dn15a9m4laho2utpp2","secure":false} []
[2025-07-04 02:17:40] INFO: [MINDBODY API] API client initialized {"api_key":"5c339...","site_id":"-2147480113","source_name":"_BLINK"} []
[2025-07-04 02:17:40] INFO: FlexKit Ten application started {"request_uri":"/api/auth/email","method":"POST","user_agent":"PostmanRuntime/7.44.0"} []
[2025-07-04 02:17:40] DEBUG: Session value set {"key":"last_activity","session_id":"iam63de7dn15a9m4laho2utpp2"} []
[2025-07-04 02:17:40] DEBUG: Handling request: POST /api/auth/email [] []
[2025-07-04 02:17:40] DEBUG: CORS middleware processed [] []
[2025-07-04 02:17:40] INFO: Request received {"method":"POST","path":"/api/auth/email","query":[],"user_agent":"PostmanRuntime/7.44.0"} []
[2025-07-04 02:17:46] INFO: [SESSION] Session initialized {"session_id":"iam63de7dn15a9m4laho2utpp2","secure":false} []
[2025-07-04 02:17:46] INFO: [MINDBODY API] API client initialized {"api_key":"5c339...","site_id":"-2147480113","source_name":"_BLINK"} []
[2025-07-04 02:17:46] INFO: FlexKit Ten application started {"request_uri":"/api/auth/email","method":"POST","user_agent":"PostmanRuntime/7.44.0"} []
[2025-07-04 02:17:46] DEBUG: Session value set {"key":"last_activity","session_id":"iam63de7dn15a9m4laho2utpp2"} []
[2025-07-04 02:17:46] DEBUG: Handling request: POST /api/auth/email [] []
[2025-07-04 02:17:46] DEBUG: CORS middleware processed [] []
[2025-07-04 02:17:46] INFO: Request received {"method":"POST","path":"/api/auth/email","query":[],"user_agent":"PostmanRuntime/7.44.0"} []
[2025-07-04 02:18:29] INFO: [SESSION] Session initialized {"session_id":"iam63de7dn15a9m4laho2utpp2","secure":false} []
[2025-07-04 02:18:29] INFO: [MINDBODY API] API client initialized {"api_key":"5c339...","site_id":"-2147480113","source_name":"_BLINK"} []
[2025-07-04 02:18:29] INFO: FlexKit Ten application started {"request_uri":"/api/auth/email?email=auth-demo@inoneblink.com","method":"POST","user_agent":"PostmanRuntime/7.44.0"} []
[2025-07-04 02:18:29] DEBUG: Session value set {"key":"last_activity","session_id":"iam63de7dn15a9m4laho2utpp2"} []
[2025-07-04 02:18:29] DEBUG: Handling request: POST /api/auth/email [] []
[2025-07-04 02:18:29] DEBUG: CORS middleware processed [] []
[2025-07-04 02:18:29] INFO: Request received {"method":"POST","path":"/api/auth/email","query":{"email":"auth-demo@inoneblink.com"},"user_agent":"PostmanRuntime/7.44.0"} []
[2025-07-04 02:18:34] INFO: [SESSION] Session initialized {"session_id":"iam63de7dn15a9m4laho2utpp2","secure":false} []
[2025-07-04 02:18:34] INFO: [MINDBODY API] API client initialized {"api_key":"5c339...","site_id":"-2147480113","source_name":"_BLINK"} []
[2025-07-04 02:18:34] INFO: FlexKit Ten application started {"request_uri":"/api/auth/email?email=auth-demo@inoneblink.com","method":"GET","user_agent":"PostmanRuntime/7.44.0"} []
[2025-07-04 02:18:34] DEBUG: Session value set {"key":"last_activity","session_id":"iam63de7dn15a9m4laho2utpp2"} []
[2025-07-04 02:18:34] DEBUG: Handling request: GET /api/auth/email [] []
[2025-07-04 02:18:34] DEBUG: CORS middleware processed [] []
[2025-07-04 02:18:34] INFO: Request received {"method":"GET","path":"/api/auth/email","query":{"email":"auth-demo@inoneblink.com"},"user_agent":"PostmanRuntime/7.44.0"} []
[2025-07-04 02:18:41] INFO: [SESSION] Session initialized {"session_id":"iam63de7dn15a9m4laho2utpp2","secure":false} []
[2025-07-04 02:18:41] INFO: [MINDBODY API] API client initialized {"api_key":"5c339...","site_id":"-2147480113","source_name":"_BLINK"} []
[2025-07-04 02:18:41] INFO: FlexKit Ten application started {"request_uri":"/api/auth/email?email=auth-demo@inoneblink.com","method":"POST","user_agent":"PostmanRuntime/7.44.0"} []
[2025-07-04 02:18:41] DEBUG: Session value set {"key":"last_activity","session_id":"iam63de7dn15a9m4laho2utpp2"} []
[2025-07-04 02:18:41] DEBUG: Handling request: POST /api/auth/email [] []
[2025-07-04 02:18:41] DEBUG: CORS middleware processed [] []
[2025-07-04 02:18:41] INFO: Request received {"method":"POST","path":"/api/auth/email","query":{"email":"auth-demo@inoneblink.com"},"user_agent":"PostmanRuntime/7.44.0"} []
[2025-07-04 02:18:54] INFO: [SESSION] Session initialized {"session_id":"iam63de7dn15a9m4laho2utpp2","secure":false} []
[2025-07-04 02:18:54] INFO: [MINDBODY API] API client initialized {"api_key":"5c339...","site_id":"-2147480113","source_name":"_BLINK"} []
[2025-07-04 02:18:54] INFO: FlexKit Ten application started {"request_uri":"/api/auth/email","method":"POST","user_agent":"PostmanRuntime/7.44.0"} []
[2025-07-04 02:18:54] DEBUG: Session value set {"key":"last_activity","session_id":"iam63de7dn15a9m4laho2utpp2"} []
[2025-07-04 02:18:54] DEBUG: Handling request: POST /api/auth/email [] []
[2025-07-04 02:18:54] DEBUG: CORS middleware processed [] []
[2025-07-04 02:18:54] INFO: Request received {"method":"POST","path":"/api/auth/email","query":[],"user_agent":"PostmanRuntime/7.44.0"} []
[2025-07-04 02:20:01] INFO: [SESSION] Session initialized {"session_id":"iam63de7dn15a9m4laho2utpp2","secure":false} []
[2025-07-04 02:20:01] INFO: [MINDBODY API] API client initialized {"api_key":"5c339...","site_id":"-2147480113","source_name":"_BLINK"} []
[2025-07-04 02:20:01] INFO: FlexKit Ten application started {"request_uri":"/api/auth/email","method":"POST","user_agent":"PostmanRuntime/7.44.0"} []
[2025-07-04 02:20:01] DEBUG: Session value set {"key":"last_activity","session_id":"iam63de7dn15a9m4laho2utpp2"} []
[2025-07-04 02:20:01] DEBUG: Handling request: POST /api/auth/email [] []
[2025-07-04 02:20:01] DEBUG: CORS middleware processed [] []
[2025-07-04 02:20:01] INFO: Request received {"method":"POST","path":"/api/auth/email","query":[],"user_agent":"PostmanRuntime/7.44.0"} []
[2025-07-04 02:21:25] INFO: [SESSION] Session initialized {"session_id":"iam63de7dn15a9m4laho2utpp2","secure":false} []
[2025-07-04 02:21:25] INFO: [MINDBODY API] API client initialized {"api_key":"5c339...","site_id":"-2147480113","source_name":"_BLINK"} []
[2025-07-04 02:21:25] INFO: FlexKit Ten application started {"request_uri":"/api/auth/email","method":"POST","user_agent":"PostmanRuntime/7.44.0"} []
[2025-07-04 02:21:25] DEBUG: Session value set {"key":"last_activity","session_id":"iam63de7dn15a9m4laho2utpp2"} []
[2025-07-04 02:21:25] DEBUG: Handling request: POST /api/auth/email [] []
[2025-07-04 02:21:25] DEBUG: CORS middleware processed [] []
[2025-07-04 02:21:25] INFO: Request received {"method":"POST","path":"/api/auth/email","query":[],"user_agent":"PostmanRuntime/7.44.0"} []
[2025-07-04 02:21:25] INFO: Starting email OTP process {"email":"auth-demo@inoneblink.com"} []
[2025-07-04 02:21:25] INFO: [OTP] Starting email OTP process {"email":"auth-demo@inoneblink.com"} []
[2025-07-04 02:21:25] INFO: [OTP] Searching client by email in Mindbody [] []
[2025-07-04 02:21:25] INFO: Searching client by email {"email":"auth-demo@inoneblink.com"} []
[2025-07-04 02:21:25] INFO: [MINDBODY API] Starting token request {"site_id":"-2147480113","source_name":"_BLINK"} []
[2025-07-04 02:21:25] INFO: [MINDBODY API] Making token request {"url":"https://api.mindbodyonline.com/public/v6/usertoken/issue","username":"_BLINK"} []
[2025-07-04 02:21:27] INFO: [MINDBODY API] Token obtained successfully [] []
[2025-07-04 02:21:27] INFO: [MINDBODY API] Making API request {"method":"GET","url":"https://api.mindbodyonline.com/public/v6/client/clients?searchText=auth-demo%40inoneblink.com","params":{"searchText":"auth-demo@inoneblink.com"}} []
[2025-07-04 02:21:28] INFO: [MINDBODY API] API request successful {"endpoint":"/client/clients","response_size":1914} []
[2025-07-04 02:21:28] INFO: Client search successful {"email":"auth-demo@inoneblink.com","clients_found":1} []
[2025-07-04 02:21:28] INFO: [OTP] Client found in Mindbody {"client_id":"100000002","first_name":"Andriy","last_name":"Demo"} []
[2025-07-04 02:21:28] DEBUG: Session value set {"key":"mbo_client","session_id":"iam63de7dn15a9m4laho2utpp2"} []
[2025-07-04 02:21:28] INFO: [OTP] OTP stored in database {"otp_id":1,"expires_at":"2025-07-04 02:31:28"} []
[2025-07-04 02:21:28] INFO: [OTP] Email send attempt {"email":"auth-demo@inoneblink.com","result":"failed"} []
[2025-07-04 02:21:28] ERROR: Email OTP failed: Failed to send OTP email {"email":"auth-demo@inoneblink.com","full_error":"Failed to send OTP email","trace":"#0 /home/caribou/Documents/Inoneblink/ten-backend/public/index.php(96): FlexkitTen\\Services\\OTPService->sendEmailOtp()\n#1 /home/caribou/Documents/Inoneblink/ten-backend/src/Services/Router.php(84): {closure}()\n#2 /home/caribou/Documents/Inoneblink/ten-backend/public/index.php(353): FlexkitTen\\Services\\Router->handle()\n#3 {main}"} []
[2025-07-04 02:21:28] ERROR: OTP service returned error {"result":{"success":false,"message":"Failed to send OTP email"}} []
[2025-07-04 02:21:51] INFO: [SESSION] Session initialized {"session_id":"iam63de7dn15a9m4laho2utpp2","secure":false} []
[2025-07-04 02:21:51] INFO: [MINDBODY API] API client initialized {"api_key":"5c339...","site_id":"-2147480113","source_name":"_BLINK"} []
[2025-07-04 02:21:51] INFO: FlexKit Ten application started {"request_uri":"/api/auth/email","method":"POST","user_agent":"PostmanRuntime/7.44.0"} []
[2025-07-04 02:21:51] DEBUG: Session value set {"key":"last_activity","session_id":"iam63de7dn15a9m4laho2utpp2"} []
[2025-07-04 02:21:51] DEBUG: Handling request: POST /api/auth/email [] []
[2025-07-04 02:21:51] DEBUG: CORS middleware processed [] []
[2025-07-04 02:21:51] INFO: Request received {"method":"POST","path":"/api/auth/email","query":[],"user_agent":"PostmanRuntime/7.44.0"} []
[2025-07-04 02:21:51] INFO: Starting email OTP process {"email":"auth-demo@inoneblink.com"} []
[2025-07-04 02:21:51] INFO: [OTP] Starting email OTP process {"email":"auth-demo@inoneblink.com"} []
[2025-07-04 02:21:51] INFO: [OTP] Searching client by email in Mindbody [] []
[2025-07-04 02:21:51] INFO: Searching client by email {"email":"auth-demo@inoneblink.com"} []
[2025-07-04 02:21:51] INFO: [MINDBODY API] Starting token request {"site_id":"-2147480113","source_name":"_BLINK"} []
[2025-07-04 02:21:51] INFO: [MINDBODY API] Making token request {"url":"https://api.mindbodyonline.com/public/v6/usertoken/issue","username":"_BLINK"} []
[2025-07-04 02:21:52] INFO: [MINDBODY API] Token obtained successfully [] []
[2025-07-04 02:21:52] INFO: [MINDBODY API] Making API request {"method":"GET","url":"https://api.mindbodyonline.com/public/v6/client/clients?searchText=auth-demo%40inoneblink.com","params":{"searchText":"auth-demo@inoneblink.com"}} []
[2025-07-04 02:21:54] INFO: [MINDBODY API] API request successful {"endpoint":"/client/clients","response_size":1914} []
[2025-07-04 02:21:54] INFO: Client search successful {"email":"auth-demo@inoneblink.com","clients_found":1} []
[2025-07-04 02:21:54] INFO: [OTP] Client found in Mindbody {"client_id":"100000002","first_name":"Andriy","last_name":"Demo"} []
[2025-07-04 02:21:54] DEBUG: Session value set {"key":"mbo_client","session_id":"iam63de7dn15a9m4laho2utpp2"} []
[2025-07-04 02:21:54] INFO: [OTP] OTP stored in database {"otp_id":2,"expires_at":"2025-07-04 02:31:54"} []
[2025-07-04 02:21:54] INFO: [OTP] Email send attempt {"email":"auth-demo@inoneblink.com","result":"failed"} []
[2025-07-04 02:21:54] ERROR: Email OTP failed: Failed to send OTP email {"email":"auth-demo@inoneblink.com","full_error":"Failed to send OTP email","trace":"#0 /home/caribou/Documents/Inoneblink/ten-backend/public/index.php(96): FlexkitTen\\Services\\OTPService->sendEmailOtp()\n#1 /home/caribou/Documents/Inoneblink/ten-backend/src/Services/Router.php(84): {closure}()\n#2 /home/caribou/Documents/Inoneblink/ten-backend/public/index.php(353): FlexkitTen\\Services\\Router->handle()\n#3 {main}"} []
[2025-07-04 02:21:54] ERROR: OTP service returned error {"result":{"success":false,"message":"Failed to send OTP email"}} []
[2025-07-04 02:22:10] INFO: [SESSION] Session initialized {"session_id":"iam63de7dn15a9m4laho2utpp2","secure":false} []
[2025-07-04 02:22:10] INFO: [MINDBODY API] API client initialized {"api_key":"5c339...","site_id":"-2147480113","source_name":"_BLINK"} []
[2025-07-04 02:22:10] INFO: FlexKit Ten application started {"request_uri":"/api/auth/email","method":"POST","user_agent":"PostmanRuntime/7.44.0"} []
[2025-07-04 02:22:10] DEBUG: Session value set {"key":"last_activity","session_id":"iam63de7dn15a9m4laho2utpp2"} []
[2025-07-04 02:22:10] DEBUG: Handling request: POST /api/auth/email [] []
[2025-07-04 02:22:10] DEBUG: CORS middleware processed [] []
[2025-07-04 02:22:10] INFO: Request received {"method":"POST","path":"/api/auth/email","query":[],"user_agent":"PostmanRuntime/7.44.0"} []
[2025-07-04 02:22:10] INFO: Starting email OTP process {"email":"joseph@inoneblink.com"} []
[2025-07-04 02:22:10] INFO: [OTP] Starting email OTP process {"email":"joseph@inoneblink.com"} []
[2025-07-04 02:22:10] INFO: [OTP] Searching client by email in Mindbody [] []
[2025-07-04 02:22:10] INFO: Searching client by email {"email":"joseph@inoneblink.com"} []
[2025-07-04 02:22:10] INFO: [MINDBODY API] Starting token request {"site_id":"-2147480113","source_name":"_BLINK"} []
[2025-07-04 02:22:10] INFO: [MINDBODY API] Making token request {"url":"https://api.mindbodyonline.com/public/v6/usertoken/issue","username":"_BLINK"} []
[2025-07-04 02:22:11] INFO: [MINDBODY API] Token obtained successfully [] []
[2025-07-04 02:22:11] INFO: [MINDBODY API] Making API request {"method":"GET","url":"https://api.mindbodyonline.com/public/v6/client/clients?searchText=joseph%40inoneblink.com","params":{"searchText":"joseph@inoneblink.com"}} []
[2025-07-04 02:22:13] INFO: [MINDBODY API] API request successful {"endpoint":"/client/clients","response_size":1888} []
[2025-07-04 02:22:13] INFO: Client search successful {"email":"joseph@inoneblink.com","clients_found":1} []
[2025-07-04 02:22:13] INFO: [OTP] Client found in Mindbody {"client_id":"100000007","first_name":"Joseph","last_name":"Wheeler"} []
[2025-07-04 02:22:13] DEBUG: Session value set {"key":"mbo_client","session_id":"iam63de7dn15a9m4laho2utpp2"} []
[2025-07-04 02:22:13] INFO: [OTP] OTP stored in database {"otp_id":3,"expires_at":"2025-07-04 02:32:13"} []
[2025-07-04 02:22:13] INFO: [OTP] Email send attempt {"email":"joseph@inoneblink.com","result":"failed"} []
[2025-07-04 02:22:13] ERROR: Email OTP failed: Failed to send OTP email {"email":"joseph@inoneblink.com","full_error":"Failed to send OTP email","trace":"#0 /home/caribou/Documents/Inoneblink/ten-backend/public/index.php(96): FlexkitTen\\Services\\OTPService->sendEmailOtp()\n#1 /home/caribou/Documents/Inoneblink/ten-backend/src/Services/Router.php(84): {closure}()\n#2 /home/caribou/Documents/Inoneblink/ten-backend/public/index.php(353): FlexkitTen\\Services\\Router->handle()\n#3 {main}"} []
[2025-07-04 02:22:13] ERROR: OTP service returned error {"result":{"success":false,"message":"Failed to send OTP email"}} []
[2025-07-04 02:22:28] INFO: [SESSION] Session initialized {"session_id":"iam63de7dn15a9m4laho2utpp2","secure":false} []
[2025-07-04 02:22:28] INFO: [MINDBODY API] API client initialized {"api_key":"5c339...","site_id":"-2147480113","source_name":"_BLINK"} []
[2025-07-04 02:22:28] INFO: FlexKit Ten application started {"request_uri":"/api/auth/email","method":"POST","user_agent":"curl/8.5.0"} []
[2025-07-04 02:22:28] DEBUG: Session value set {"key":"last_activity","session_id":"iam63de7dn15a9m4laho2utpp2"} []
[2025-07-04 02:22:28] DEBUG: Handling request: POST /api/auth/email [] []
[2025-07-04 02:22:28] DEBUG: CORS middleware processed [] []
[2025-07-04 02:22:28] INFO: Request received {"method":"POST","path":"/api/auth/email","query":[],"user_agent":"curl/8.5.0"} []
[2025-07-04 02:22:28] INFO: Starting email OTP process {"email":"auth-demo@inoneblink.com"} []
[2025-07-04 02:22:28] INFO: [OTP] Starting email OTP process {"email":"auth-demo@inoneblink.com"} []
[2025-07-04 02:22:28] INFO: [OTP] Searching client by email in Mindbody [] []
[2025-07-04 02:22:28] INFO: Searching client by email {"email":"auth-demo@inoneblink.com"} []
[2025-07-04 02:22:28] INFO: [MINDBODY API] Starting token request {"site_id":"-2147480113","source_name":"_BLINK"} []
[2025-07-04 02:22:28] INFO: [MINDBODY API] Making token request {"url":"https://api.mindbodyonline.com/public/v6/usertoken/issue","username":"_BLINK"} []
[2025-07-04 02:22:29] INFO: [MINDBODY API] Token obtained successfully [] []
[2025-07-04 02:22:29] INFO: [MINDBODY API] Making API request {"method":"GET","url":"https://api.mindbodyonline.com/public/v6/client/clients?searchText=auth-demo%40inoneblink.com","params":{"searchText":"auth-demo@inoneblink.com"}} []
[2025-07-04 02:22:31] INFO: [MINDBODY API] API request successful {"endpoint":"/client/clients","response_size":1914} []
[2025-07-04 02:22:31] INFO: Client search successful {"email":"auth-demo@inoneblink.com","clients_found":1} []
[2025-07-04 02:22:31] INFO: [OTP] Client found in Mindbody {"client_id":"100000002","first_name":"Andriy","last_name":"Demo"} []
[2025-07-04 02:22:31] DEBUG: Session value set {"key":"mbo_client","session_id":"iam63de7dn15a9m4laho2utpp2"} []
[2025-07-04 02:22:31] INFO: [OTP] OTP stored in database {"otp_id":4,"expires_at":"2025-07-04 02:32:31"} []
[2025-07-04 02:22:31] INFO: [OTP] Email send attempt {"email":"auth-demo@inoneblink.com","result":"failed"} []
[2025-07-04 02:22:31] ERROR: Email OTP failed: Failed to send OTP email {"email":"auth-demo@inoneblink.com","full_error":"Failed to send OTP email","trace":"#0 /home/caribou/Documents/Inoneblink/ten-backend/public/index.php(96): FlexkitTen\\Services\\OTPService->sendEmailOtp()\n#1 /home/caribou/Documents/Inoneblink/ten-backend/src/Services/Router.php(84): {closure}()\n#2 /home/caribou/Documents/Inoneblink/ten-backend/public/index.php(353): FlexkitTen\\Services\\Router->handle()\n#3 {main}"} []
[2025-07-04 02:22:31] ERROR: OTP service returned error {"result":{"success":false,"message":"Failed to send OTP email"}} []
[2025-07-04 02:23:04] INFO: [SESSION] Session initialized {"session_id":"iam63de7dn15a9m4laho2utpp2","secure":false} []
[2025-07-04 02:23:04] INFO: [MINDBODY API] API client initialized {"api_key":"5c339...","site_id":"-2147480113","source_name":"_BLINK"} []
[2025-07-04 02:23:04] INFO: FlexKit Ten application started {"request_uri":"/api/auth/email","method":"POST","user_agent":"curl/8.5.0"} []
[2025-07-04 02:23:04] DEBUG: Session value set {"key":"last_activity","session_id":"iam63de7dn15a9m4laho2utpp2"} []
[2025-07-04 02:23:04] DEBUG: Handling request: POST /api/auth/email [] []
[2025-07-04 02:23:04] DEBUG: CORS middleware processed [] []
[2025-07-04 02:23:04] INFO: Request received {"method":"POST","path":"/api/auth/email","query":[],"user_agent":"curl/8.5.0"} []
[2025-07-04 02:23:04] INFO: Starting email OTP process {"email":"auth-demo@inoneblink.com"} []
[2025-07-04 02:23:04] INFO: [OTP] Starting email OTP process {"email":"auth-demo@inoneblink.com"} []
[2025-07-04 02:23:04] INFO: [OTP] Searching client by email in Mindbody [] []
[2025-07-04 02:23:04] INFO: Searching client by email {"email":"auth-demo@inoneblink.com"} []
[2025-07-04 02:23:04] INFO: [MINDBODY API] Starting token request {"site_id":"-2147480113","source_name":"_BLINK"} []
[2025-07-04 02:23:04] INFO: [MINDBODY API] Making token request {"url":"https://api.mindbodyonline.com/public/v6/usertoken/issue","username":"_BLINK"} []
[2025-07-04 02:23:05] INFO: [MINDBODY API] Token obtained successfully [] []
[2025-07-04 02:23:05] INFO: [MINDBODY API] Making API request {"method":"GET","url":"https://api.mindbodyonline.com/public/v6/client/clients?searchText=auth-demo%40inoneblink.com","params":{"searchText":"auth-demo@inoneblink.com"}} []
[2025-07-04 02:23:07] INFO: [MINDBODY API] API request successful {"endpoint":"/client/clients","response_size":1914} []
[2025-07-04 02:23:07] INFO: Client search successful {"email":"auth-demo@inoneblink.com","clients_found":1} []
[2025-07-04 02:23:07] INFO: [OTP] Client found in Mindbody {"client_id":"100000002","first_name":"Andriy","last_name":"Demo"} []
[2025-07-04 02:23:07] DEBUG: Session value set {"key":"mbo_client","session_id":"iam63de7dn15a9m4laho2utpp2"} []
[2025-07-04 02:23:07] INFO: [OTP] OTP stored in database {"otp_id":5,"expires_at":"2025-07-04 02:33:07"} []
[2025-07-04 02:23:07] INFO: [OTP] DEVELOPMENT MODE: OTP would be sent {"email":"auth-demo@inoneblink.com","otp_code":"525533","subject":"FlexKit Verification Code","message":"Hi Andriy Demo,\n\nYour FlexKit verification code is: 525533\n\nThis code will expire in 10 minutes.\nNever share this code with anyone.\n\nPowered by FlexKit."} []
[2025-07-04 02:23:07] INFO: [OTP] OTP email sent successfully {"email":"auth-demo@inoneblink.com"} []
[2025-07-04 02:24:22] INFO: [SESSION] Session initialized {"session_id":"iam63de7dn15a9m4laho2utpp2","secure":false} []
[2025-07-04 02:24:22] INFO: [MINDBODY API] API client initialized {"api_key":"5c339...","site_id":"-2147480113","source_name":"_BLINK"} []
[2025-07-04 02:24:22] INFO: FlexKit Ten application started {"request_uri":"/api/auth/email","method":"POST","user_agent":"PostmanRuntime/7.44.0"} []
[2025-07-04 02:24:22] DEBUG: Session value set {"key":"last_activity","session_id":"iam63de7dn15a9m4laho2utpp2"} []
[2025-07-04 02:24:22] DEBUG: Handling request: POST /api/auth/email [] []
[2025-07-04 02:24:22] DEBUG: CORS middleware processed [] []
[2025-07-04 02:24:22] INFO: Request received {"method":"POST","path":"/api/auth/email","query":[],"user_agent":"PostmanRuntime/7.44.0"} []
[2025-07-04 02:24:22] INFO: Starting email OTP process {"email":"joseph@inoneblink.com"} []
[2025-07-04 02:24:22] INFO: [OTP] Starting email OTP process {"email":"joseph@inoneblink.com"} []
[2025-07-04 02:24:22] INFO: [OTP] Searching client by email in Mindbody [] []
[2025-07-04 02:24:22] INFO: Searching client by email {"email":"joseph@inoneblink.com"} []
[2025-07-04 02:24:22] INFO: [MINDBODY API] Starting token request {"site_id":"-2147480113","source_name":"_BLINK"} []
[2025-07-04 02:24:22] INFO: [MINDBODY API] Making token request {"url":"https://api.mindbodyonline.com/public/v6/usertoken/issue","username":"_BLINK"} []
[2025-07-04 02:24:23] INFO: [MINDBODY API] Token obtained successfully [] []
[2025-07-04 02:24:23] INFO: [MINDBODY API] Making API request {"method":"GET","url":"https://api.mindbodyonline.com/public/v6/client/clients?searchText=joseph%40inoneblink.com","params":{"searchText":"joseph@inoneblink.com"}} []
[2025-07-04 02:24:24] INFO: [MINDBODY API] API request successful {"endpoint":"/client/clients","response_size":1888} []
[2025-07-04 02:24:24] INFO: Client search successful {"email":"joseph@inoneblink.com","clients_found":1} []
[2025-07-04 02:24:24] INFO: [OTP] Client found in Mindbody {"client_id":"100000007","first_name":"Joseph","last_name":"Wheeler"} []
[2025-07-04 02:24:24] DEBUG: Session value set {"key":"mbo_client","session_id":"iam63de7dn15a9m4laho2utpp2"} []
[2025-07-04 02:24:24] INFO: [OTP] OTP stored in database {"otp_id":6,"expires_at":"2025-07-04 02:34:24"} []
[2025-07-04 02:24:24] INFO: [OTP] DEVELOPMENT MODE: OTP would be sent {"email":"joseph@inoneblink.com","otp_code":"220264","subject":"FlexKit Verification Code","message":"Hi Joseph Wheeler,\n\nYour FlexKit verification code is: 220264\n\nThis code will expire in 10 minutes.\nNever share this code with anyone.\n\nPowered by FlexKit."} []
[2025-07-04 02:24:24] INFO: [OTP] OTP email sent successfully {"email":"joseph@inoneblink.com"} []
[2025-07-04 02:24:35] INFO: [SESSION] Session initialized {"session_id":"iam63de7dn15a9m4laho2utpp2","secure":false} []
[2025-07-04 02:24:35] INFO: [MINDBODY API] API client initialized {"api_key":"5c339...","site_id":"-2147480113","source_name":"_BLINK"} []
[2025-07-04 02:24:35] INFO: FlexKit Ten application started {"request_uri":"/api/auth/email","method":"POST","user_agent":"PostmanRuntime/7.44.0"} []
[2025-07-04 02:24:35] DEBUG: Session value set {"key":"last_activity","session_id":"iam63de7dn15a9m4laho2utpp2"} []
[2025-07-04 02:24:35] DEBUG: Handling request: POST /api/auth/email [] []
[2025-07-04 02:24:35] DEBUG: CORS middleware processed [] []
[2025-07-04 02:24:35] INFO: Request received {"method":"POST","path":"/api/auth/email","query":[],"user_agent":"PostmanRuntime/7.44.0"} []
[2025-07-04 02:24:35] INFO: Starting email OTP process {"email":"auth-demo@inoneblink.com"} []
[2025-07-04 02:24:35] INFO: [OTP] Starting email OTP process {"email":"auth-demo@inoneblink.com"} []
[2025-07-04 02:24:35] INFO: [OTP] Searching client by email in Mindbody [] []
[2025-07-04 02:24:35] INFO: Searching client by email {"email":"auth-demo@inoneblink.com"} []
[2025-07-04 02:24:35] INFO: [MINDBODY API] Starting token request {"site_id":"-2147480113","source_name":"_BLINK"} []
[2025-07-04 02:24:35] INFO: [MINDBODY API] Making token request {"url":"https://api.mindbodyonline.com/public/v6/usertoken/issue","username":"_BLINK"} []
[2025-07-04 02:24:36] INFO: [MINDBODY API] Token obtained successfully [] []
[2025-07-04 02:24:36] INFO: [MINDBODY API] Making API request {"method":"GET","url":"https://api.mindbodyonline.com/public/v6/client/clients?searchText=auth-demo%40inoneblink.com","params":{"searchText":"auth-demo@inoneblink.com"}} []
[2025-07-04 02:24:37] INFO: [MINDBODY API] API request successful {"endpoint":"/client/clients","response_size":1914} []
[2025-07-04 02:24:37] INFO: Client search successful {"email":"auth-demo@inoneblink.com","clients_found":1} []
[2025-07-04 02:24:37] INFO: [OTP] Client found in Mindbody {"client_id":"100000002","first_name":"Andriy","last_name":"Demo"} []
[2025-07-04 02:24:37] DEBUG: Session value set {"key":"mbo_client","session_id":"iam63de7dn15a9m4laho2utpp2"} []
[2025-07-04 02:24:37] INFO: [OTP] OTP stored in database {"otp_id":7,"expires_at":"2025-07-04 02:34:37"} []
[2025-07-04 02:24:37] INFO: [OTP] DEVELOPMENT MODE: OTP would be sent {"email":"auth-demo@inoneblink.com","otp_code":"450180","subject":"FlexKit Verification Code","message":"Hi Andriy Demo,\n\nYour FlexKit verification code is: 450180\n\nThis code will expire in 10 minutes.\nNever share this code with anyone.\n\nPowered by FlexKit."} []
[2025-07-04 02:24:37] INFO: [OTP] OTP email sent successfully {"email":"auth-demo@inoneblink.com"} []
[2025-07-04 02:25:47] INFO: [SESSION] Session initialized {"session_id":"iam63de7dn15a9m4laho2utpp2","secure":false} []
[2025-07-04 02:25:47] INFO: [MINDBODY API] API client initialized {"api_key":"5c339...","site_id":"-2147480113","source_name":"_BLINK"} []
[2025-07-04 02:25:47] INFO: FlexKit Ten application started {"request_uri":"/api/auth/email","method":"POST","user_agent":"PostmanRuntime/7.44.0"} []
[2025-07-04 02:25:47] DEBUG: Session value set {"key":"last_activity","session_id":"iam63de7dn15a9m4laho2utpp2"} []
[2025-07-04 02:25:47] DEBUG: Handling request: POST /api/auth/email [] []
[2025-07-04 02:25:47] DEBUG: CORS middleware processed [] []
[2025-07-04 02:25:47] INFO: Request received {"method":"POST","path":"/api/auth/email","query":[],"user_agent":"PostmanRuntime/7.44.0"} []
[2025-07-04 02:25:47] INFO: Starting email OTP process {"email":"gerardo.trujillo@inoneblink.com"} []
[2025-07-04 02:25:47] INFO: [OTP] Starting email OTP process {"email":"gerardo.trujillo@inoneblink.com"} []
[2025-07-04 02:25:47] INFO: [OTP] Searching client by email in Mindbody [] []
[2025-07-04 02:25:47] INFO: Searching client by email {"email":"gerardo.trujillo@inoneblink.com"} []
[2025-07-04 02:25:47] INFO: [MINDBODY API] Starting token request {"site_id":"-2147480113","source_name":"_BLINK"} []
[2025-07-04 02:25:47] INFO: [MINDBODY API] Making token request {"url":"https://api.mindbodyonline.com/public/v6/usertoken/issue","username":"_BLINK"} []
[2025-07-04 02:25:48] INFO: [MINDBODY API] Token obtained successfully [] []
[2025-07-04 02:25:48] INFO: [MINDBODY API] Making API request {"method":"GET","url":"https://api.mindbodyonline.com/public/v6/client/clients?searchText=gerardo.trujillo%40inoneblink.com","params":{"searchText":"gerardo.trujillo@inoneblink.com"}} []
[2025-07-04 02:25:49] INFO: [MINDBODY API] API request successful {"endpoint":"/client/clients","response_size":1924} []
[2025-07-04 02:25:49] INFO: Client search successful {"email":"gerardo.trujillo@inoneblink.com","clients_found":1} []
[2025-07-04 02:25:49] INFO: [OTP] Client found in Mindbody {"client_id":"100000011","first_name":"Gerardo","last_name":"Trujillo"} []
[2025-07-04 02:25:49] DEBUG: Session value set {"key":"mbo_client","session_id":"iam63de7dn15a9m4laho2utpp2"} []
[2025-07-04 02:25:49] INFO: [OTP] OTP stored in database {"otp_id":8,"expires_at":"2025-07-04 02:35:49"} []
[2025-07-04 02:25:49] INFO: [OTP] DEVELOPMENT MODE: OTP would be sent {"email":"gerardo.trujillo@inoneblink.com","otp_code":"750347","subject":"FlexKit Verification Code","message":"Hi Gerardo Trujillo,\n\nYour FlexKit verification code is: 750347\n\nThis code will expire in 10 minutes.\nNever share this code with anyone.\n\nPowered by FlexKit."} []
[2025-07-04 02:25:49] INFO: [OTP] OTP email sent successfully {"email":"gerardo.trujillo@inoneblink.com"} []
[2025-07-04 02:27:54] INFO: [SESSION] Session initialized {"session_id":"iam63de7dn15a9m4laho2utpp2","secure":false} []
[2025-07-04 02:27:54] INFO: [MINDBODY API] API client initialized {"api_key":"5c339...","site_id":"-2147480113","source_name":"_BLINK"} []
[2025-07-04 02:27:54] INFO: FlexKit Ten application started {"request_uri":"/api/auth/email","method":"POST","user_agent":"PostmanRuntime/7.44.0"} []
[2025-07-04 02:27:54] DEBUG: Session value set {"key":"last_activity","session_id":"iam63de7dn15a9m4laho2utpp2"} []
[2025-07-04 02:27:54] DEBUG: Handling request: POST /api/auth/email [] []
[2025-07-04 02:27:54] DEBUG: CORS middleware processed [] []
[2025-07-04 02:27:54] INFO: Request received {"method":"POST","path":"/api/auth/email","query":[],"user_agent":"PostmanRuntime/7.44.0"} []
[2025-07-04 02:27:54] INFO: Starting email OTP process {"email":"gerardo.trujillo@inoneblink.com"} []
[2025-07-04 02:27:54] INFO: [OTP] Starting email OTP process {"email":"gerardo.trujillo@inoneblink.com"} []
[2025-07-04 02:27:54] INFO: [OTP] Searching client by email in Mindbody [] []
[2025-07-04 02:27:54] INFO: Searching client by email {"email":"gerardo.trujillo@inoneblink.com"} []
[2025-07-04 02:27:54] INFO: [MINDBODY API] Starting token request {"site_id":"-2147480113","source_name":"_BLINK"} []
[2025-07-04 02:27:54] INFO: [MINDBODY API] Making token request {"url":"https://api.mindbodyonline.com/public/v6/usertoken/issue","username":"_BLINK"} []
[2025-07-04 02:27:55] INFO: [MINDBODY API] Token obtained successfully [] []
[2025-07-04 02:27:55] INFO: [MINDBODY API] Making API request {"method":"GET","url":"https://api.mindbodyonline.com/public/v6/client/clients?searchText=gerardo.trujillo%40inoneblink.com","params":{"searchText":"gerardo.trujillo@inoneblink.com"}} []
[2025-07-04 02:27:56] INFO: [MINDBODY API] API request successful {"endpoint":"/client/clients","response_size":1924} []
[2025-07-04 02:27:56] INFO: Client search successful {"email":"gerardo.trujillo@inoneblink.com","clients_found":1} []
[2025-07-04 02:27:56] INFO: [OTP] Client found in Mindbody {"client_id":"100000011","first_name":"Gerardo","last_name":"Trujillo"} []
[2025-07-04 02:27:56] DEBUG: Session value set {"key":"mbo_client","session_id":"iam63de7dn15a9m4laho2utpp2"} []
[2025-07-04 02:27:56] INFO: [OTP] OTP stored in database {"otp_id":9,"expires_at":"2025-07-04 02:37:56"} []
[2025-07-04 02:27:56] INFO: [OTP] DEVELOPMENT MODE: OTP would be sent {"email":"gerardo.trujillo@inoneblink.com","otp_code":"569997","subject":"FlexKit Verification Code","message":"Hi Gerardo Trujillo,\n\nYour FlexKit verification code is: 569997\n\nThis code will expire in 10 minutes.\nNever share this code with anyone.\n\nPowered by FlexKit."} []
[2025-07-04 02:27:56] INFO: [OTP] OTP email sent successfully {"email":"gerardo.trujillo@inoneblink.com"} []
[2025-07-04 02:28:19] INFO: [SESSION] Session initialized {"session_id":"iam63de7dn15a9m4laho2utpp2","secure":false} []
[2025-07-04 02:28:19] INFO: [MINDBODY API] API client initialized {"api_key":"5c339...","site_id":"-2147480113","source_name":"_BLINK"} []
[2025-07-04 02:28:19] INFO: FlexKit Ten application started {"request_uri":"/api/auth/verify","method":"POST","user_agent":"PostmanRuntime/7.44.0"} []
[2025-07-04 02:28:19] DEBUG: Session value set {"key":"last_activity","session_id":"iam63de7dn15a9m4laho2utpp2"} []
[2025-07-04 02:28:19] DEBUG: Handling request: POST /api/auth/verify [] []
[2025-07-04 02:28:19] DEBUG: CORS middleware processed [] []
[2025-07-04 02:28:19] INFO: Request received {"method":"POST","path":"/api/auth/verify","query":[],"user_agent":"PostmanRuntime/7.44.0"} []
[2025-07-04 02:28:19] INFO: [OTP] Starting OTP verification {"otp_code":"750347"} []
[2025-07-04 02:28:19] ERROR: OTP verification failed: Invalid or expired OTP code {"otp_code":"750347"} []
[2025-07-04 02:28:32] INFO: [SESSION] Session initialized {"session_id":"iam63de7dn15a9m4laho2utpp2","secure":false} []
[2025-07-04 02:28:32] INFO: [MINDBODY API] API client initialized {"api_key":"5c339...","site_id":"-2147480113","source_name":"_BLINK"} []
[2025-07-04 02:28:32] INFO: FlexKit Ten application started {"request_uri":"/api/auth/verify","method":"POST","user_agent":"PostmanRuntime/7.44.0"} []
[2025-07-04 02:28:32] DEBUG: Session value set {"key":"last_activity","session_id":"iam63de7dn15a9m4laho2utpp2"} []
[2025-07-04 02:28:32] DEBUG: Handling request: POST /api/auth/verify [] []
[2025-07-04 02:28:32] DEBUG: CORS middleware processed [] []
[2025-07-04 02:28:32] INFO: Request received {"method":"POST","path":"/api/auth/verify","query":[],"user_agent":"PostmanRuntime/7.44.0"} []
[2025-07-04 02:28:32] INFO: [OTP] Starting OTP verification {"otp_code":"750347"} []
[2025-07-04 02:28:32] ERROR: OTP verification failed: Invalid or expired OTP code {"otp_code":"750347"} []
[2025-07-04 02:28:46] INFO: [SESSION] Session initialized {"session_id":"iam63de7dn15a9m4laho2utpp2","secure":false} []
[2025-07-04 02:28:46] INFO: [MINDBODY API] API client initialized {"api_key":"5c339...","site_id":"-2147480113","source_name":"_BLINK"} []
[2025-07-04 02:28:46] INFO: FlexKit Ten application started {"request_uri":"/api/auth/email","method":"POST","user_agent":"PostmanRuntime/7.44.0"} []
[2025-07-04 02:28:46] DEBUG: Session value set {"key":"last_activity","session_id":"iam63de7dn15a9m4laho2utpp2"} []
[2025-07-04 02:28:46] DEBUG: Handling request: POST /api/auth/email [] []
[2025-07-04 02:28:46] DEBUG: CORS middleware processed [] []
[2025-07-04 02:28:46] INFO: Request received {"method":"POST","path":"/api/auth/email","query":[],"user_agent":"PostmanRuntime/7.44.0"} []
[2025-07-04 02:28:46] INFO: Starting email OTP process {"email":"gerardo.trujillo@inoneblink.com"} []
[2025-07-04 02:28:46] INFO: [OTP] Starting email OTP process {"email":"gerardo.trujillo@inoneblink.com"} []
[2025-07-04 02:28:46] INFO: [OTP] Searching client by email in Mindbody [] []
[2025-07-04 02:28:46] INFO: Searching client by email {"email":"gerardo.trujillo@inoneblink.com"} []
[2025-07-04 02:28:46] INFO: [MINDBODY API] Starting token request {"site_id":"-2147480113","source_name":"_BLINK"} []
[2025-07-04 02:28:46] INFO: [MINDBODY API] Making token request {"url":"https://api.mindbodyonline.com/public/v6/usertoken/issue","username":"_BLINK"} []
[2025-07-04 02:28:47] INFO: [MINDBODY API] Token obtained successfully [] []
[2025-07-04 02:28:47] INFO: [MINDBODY API] Making API request {"method":"GET","url":"https://api.mindbodyonline.com/public/v6/client/clients?searchText=gerardo.trujillo%40inoneblink.com","params":{"searchText":"gerardo.trujillo@inoneblink.com"}} []
[2025-07-04 02:28:48] INFO: [MINDBODY API] API request successful {"endpoint":"/client/clients","response_size":1924} []
[2025-07-04 02:28:48] INFO: Client search successful {"email":"gerardo.trujillo@inoneblink.com","clients_found":1} []
[2025-07-04 02:28:48] INFO: [OTP] Client found in Mindbody {"client_id":"100000011","first_name":"Gerardo","last_name":"Trujillo"} []
[2025-07-04 02:28:48] DEBUG: Session value set {"key":"mbo_client","session_id":"iam63de7dn15a9m4laho2utpp2"} []
[2025-07-04 02:28:48] INFO: [OTP] OTP stored in database {"otp_id":10,"expires_at":"2025-07-04 02:38:48"} []
[2025-07-04 02:28:48] INFO: [OTP] DEVELOPMENT MODE: OTP would be sent {"email":"gerardo.trujillo@inoneblink.com","otp_code":"349380","subject":"FlexKit Verification Code","message":"Hi Gerardo Trujillo,\n\nYour FlexKit verification code is: 349380\n\nThis code will expire in 10 minutes.\nNever share this code with anyone.\n\nPowered by FlexKit."} []
[2025-07-04 02:28:48] INFO: [OTP] OTP email sent successfully {"email":"gerardo.trujillo@inoneblink.com"} []
[2025-07-04 02:29:15] INFO: [SESSION] Session initialized {"session_id":"iam63de7dn15a9m4laho2utpp2","secure":false} []
[2025-07-04 02:29:15] INFO: [MINDBODY API] API client initialized {"api_key":"5c339...","site_id":"-2147480113","source_name":"_BLINK"} []
[2025-07-04 02:29:15] INFO: FlexKit Ten application started {"request_uri":"/api/auth/verify","method":"POST","user_agent":"PostmanRuntime/7.44.0"} []
[2025-07-04 02:29:15] DEBUG: Session value set {"key":"last_activity","session_id":"iam63de7dn15a9m4laho2utpp2"} []
[2025-07-04 02:29:15] DEBUG: Handling request: POST /api/auth/verify [] []
[2025-07-04 02:29:15] DEBUG: CORS middleware processed [] []
[2025-07-04 02:29:15] INFO: Request received {"method":"POST","path":"/api/auth/verify","query":[],"user_agent":"PostmanRuntime/7.44.0"} []
[2025-07-04 02:29:15] INFO: [OTP] Starting OTP verification {"otp_code":"349380"} []
[2025-07-04 02:29:15] INFO: [OTP] Valid OTP found {"otp_id":10,"client_id":100000011} []
[2025-07-04 02:29:15] INFO: [MINDBODY API] Starting token request {"site_id":"-2147480113","source_name":"_BLINK"} []
[2025-07-04 02:29:15] INFO: [MINDBODY API] Making token request {"url":"https://api.mindbodyonline.com/public/v6/usertoken/issue","username":"_BLINK"} []
[2025-07-04 02:29:16] INFO: [MINDBODY API] Token obtained successfully [] []
[2025-07-04 02:29:16] INFO: [MINDBODY API] Making API request {"method":"GET","url":"https://api.mindbodyonline.com/public/v6/client/clients?clientIds%5B0%5D=100000011","params":{"clientIds":[100000011]}} []
[2025-07-04 02:29:17] INFO: [MINDBODY API] API request successful {"endpoint":"/client/clients","response_size":1924} []
[2025-07-04 02:29:17] INFO: [OTP] Stored new client details {"client_id":"100000011"} []
[2025-07-04 02:29:17] DEBUG: Session value set {"key":"authenticated_client","session_id":"iam63de7dn15a9m4laho2utpp2"} []
[2025-07-04 02:29:17] DEBUG: Session value set {"key":"auth_time","session_id":"iam63de7dn15a9m4laho2utpp2"} []
[2025-07-04 02:29:17] INFO: [OTP] OTP verification successful {"client_id":"100000011","email":"gerardo.trujillo@inoneblink.com"} []
[2025-07-04 02:30:26] INFO: [SESSION] Session initialized {"session_id":"iam63de7dn15a9m4laho2utpp2","secure":false} []
[2025-07-04 02:30:26] INFO: [MINDBODY API] API client initialized {"api_key":"5c339...","site_id":"-2147480113","source_name":"_BLINK"} []
[2025-07-04 02:30:26] INFO: FlexKit Ten application started {"request_uri":"/api/auth/status","method":"GET","user_agent":"PostmanRuntime/7.44.0"} []
[2025-07-04 02:30:26] DEBUG: Session value set {"key":"last_activity","session_id":"iam63de7dn15a9m4laho2utpp2"} []
[2025-07-04 02:30:26] DEBUG: Handling request: GET /api/auth/status [] []
[2025-07-04 02:30:26] DEBUG: CORS middleware processed [] []
[2025-07-04 02:30:26] INFO: Request received {"method":"GET","path":"/api/auth/status","query":[],"user_agent":"PostmanRuntime/7.44.0"} []
[2025-07-04 02:30:42] INFO: [SESSION] Session initialized {"session_id":"iam63de7dn15a9m4laho2utpp2","secure":false} []
[2025-07-04 02:30:42] INFO: [MINDBODY API] API client initialized {"api_key":"5c339...","site_id":"-2147480113","source_name":"_BLINK"} []
[2025-07-04 02:30:42] INFO: FlexKit Ten application started {"request_uri":"/api/timetable/filters","method":"GET","user_agent":"PostmanRuntime/7.44.0"} []
[2025-07-04 02:30:42] DEBUG: Session value set {"key":"last_activity","session_id":"iam63de7dn15a9m4laho2utpp2"} []
[2025-07-04 02:30:42] DEBUG: Handling request: GET /api/timetable/filters [] []
[2025-07-04 02:30:42] DEBUG: CORS middleware processed [] []
[2025-07-04 02:30:42] INFO: Request received {"method":"GET","path":"/api/timetable/filters","query":[],"user_agent":"PostmanRuntime/7.44.0"} []
[2025-07-04 02:30:42] INFO: [TIMETABLE] Fetching locations for timetable filter [] []
[2025-07-04 02:30:42] INFO: [MINDBODY API] Starting token request {"site_id":"-2147480113","source_name":"_BLINK"} []
[2025-07-04 02:30:42] INFO: [MINDBODY API] Making token request {"url":"https://api.mindbodyonline.com/public/v6/usertoken/issue","username":"_BLINK"} []
[2025-07-04 02:30:43] INFO: [MINDBODY API] Token obtained successfully [] []
[2025-07-04 02:30:43] INFO: [MINDBODY API] Making API request {"method":"GET","url":"https://api.mindbodyonline.com/public/v6/site/locations?limit=100&offset=0","params":{"limit":100,"offset":0}} []
[2025-07-04 02:30:44] INFO: [MINDBODY API] API request successful {"endpoint":"/site/locations","response_size":821} []
[2025-07-04 02:30:44] INFO: [TIMETABLE] Successfully fetched locations {"count":1,"excluded_ids":[7,10]} []
[2025-07-04 02:30:44] INFO: [TIMETABLE] Fetching programs for timetable filter {"type":"Class"} []
[2025-07-04 02:30:44] INFO: [MINDBODY API] Starting token request {"site_id":"-2147480113","source_name":"_BLINK"} []
[2025-07-04 02:30:44] INFO: [MINDBODY API] Making token request {"url":"https://api.mindbodyonline.com/public/v6/usertoken/issue","username":"_BLINK"} []
[2025-07-04 02:30:45] INFO: [MINDBODY API] Token obtained successfully [] []
[2025-07-04 02:30:45] INFO: [MINDBODY API] Making API request {"method":"GET","url":"https://api.mindbodyonline.com/public/v6/site/programs?limit=100&offset=0&scheduleType=Class","params":{"limit":100,"offset":0,"scheduleType":"Class"}} []
[2025-07-04 02:30:46] INFO: [MINDBODY API] API request successful {"endpoint":"/site/programs","response_size":1676} []
[2025-07-04 02:30:46] INFO: [TIMETABLE] Successfully fetched programs {"count":1} []
[2025-07-04 02:30:46] INFO: [TIMETABLE] Fetching programs for timetable filter {"type":"Appointment"} []
[2025-07-04 02:30:46] INFO: [MINDBODY API] Starting token request {"site_id":"-2147480113","source_name":"_BLINK"} []
[2025-07-04 02:30:46] INFO: [MINDBODY API] Making token request {"url":"https://api.mindbodyonline.com/public/v6/usertoken/issue","username":"_BLINK"} []
[2025-07-04 02:30:47] INFO: [MINDBODY API] Token obtained successfully [] []
[2025-07-04 02:30:47] INFO: [MINDBODY API] Making API request {"method":"GET","url":"https://api.mindbodyonline.com/public/v6/site/programs?limit=100&offset=0&scheduleType=Appointment","params":{"limit":100,"offset":0,"scheduleType":"Appointment"}} []
[2025-07-04 02:30:48] INFO: [MINDBODY API] API request successful {"endpoint":"/site/programs","response_size":3189} []
[2025-07-04 02:30:48] INFO: [TIMETABLE] Successfully fetched programs {"count":15} []
[2025-07-04 02:30:48] INFO: [TIMETABLE] Fetching session types for timetable filter {"online_only":true} []
[2025-07-04 02:30:48] INFO: [MINDBODY API] Starting token request {"site_id":"-2147480113","source_name":"_BLINK"} []
[2025-07-04 02:30:48] INFO: [MINDBODY API] Making token request {"url":"https://api.mindbodyonline.com/public/v6/usertoken/issue","username":"_BLINK"} []
[2025-07-04 02:30:49] INFO: [MINDBODY API] Token obtained successfully [] []
[2025-07-04 02:30:49] INFO: [MINDBODY API] Making API request {"method":"GET","url":"https://api.mindbodyonline.com/public/v6/site/sessiontypes?onlineOnly=1","params":{"onlineOnly":true}} []
[2025-07-04 02:30:51] INFO: [MINDBODY API] API request successful {"endpoint":"/site/sessiontypes","response_size":27360} []
[2025-07-04 02:30:51] INFO: [TIMETABLE] Successfully fetched session types {"count":100,"online_only":true} []
[2025-07-04 02:33:09] INFO: [SESSION] Session initialized {"session_id":"iam63de7dn15a9m4laho2utpp2","secure":false} []
[2025-07-04 02:33:09] INFO: [MINDBODY API] API client initialized {"api_key":"5c339...","site_id":"-2147480113","source_name":"_BLINK"} []
[2025-07-04 02:33:09] INFO: FlexKit Ten application started {"request_uri":"/api/auth/logout","method":"GET","user_agent":"PostmanRuntime/7.44.0"} []
[2025-07-04 02:33:09] DEBUG: Session value set {"key":"last_activity","session_id":"iam63de7dn15a9m4laho2utpp2"} []
[2025-07-04 02:33:09] DEBUG: Handling request: GET /api/auth/logout [] []
[2025-07-04 02:33:09] DEBUG: CORS middleware processed [] []
[2025-07-04 02:33:09] INFO: Request received {"method":"GET","path":"/api/auth/logout","query":[],"user_agent":"PostmanRuntime/7.44.0"} []
[2025-07-04 02:33:39] INFO: [SESSION] Session initialized {"session_id":"iam63de7dn15a9m4laho2utpp2","secure":false} []
[2025-07-04 02:33:39] INFO: [MINDBODY API] API client initialized {"api_key":"5c339...","site_id":"-2147480113","source_name":"_BLINK"} []
[2025-07-04 02:33:39] INFO: FlexKit Ten application started {"request_uri":"/api/auth/logout","method":"GET","user_agent":"PostmanRuntime/7.44.0"} []
[2025-07-04 02:33:39] DEBUG: Session value set {"key":"last_activity","session_id":"iam63de7dn15a9m4laho2utpp2"} []
[2025-07-04 02:33:39] DEBUG: Handling request: GET /api/auth/logout [] []
[2025-07-04 02:33:39] DEBUG: CORS middleware processed [] []
[2025-07-04 02:33:39] INFO: Request received {"method":"GET","path":"/api/auth/logout","query":[],"user_agent":"PostmanRuntime/7.44.0"} []
[2025-07-04 02:34:52] INFO: [SESSION] Session initialized {"session_id":"iam63de7dn15a9m4laho2utpp2","secure":false} []
[2025-07-04 02:34:52] INFO: [MINDBODY API] API client initialized {"api_key":"5c339...","site_id":"-2147480113","source_name":"_BLINK"} []
[2025-07-04 02:34:52] INFO: FlexKit Ten application started {"request_uri":"/api/auth/logout","method":"POST","user_agent":"PostmanRuntime/7.44.0"} []
[2025-07-04 02:34:52] DEBUG: Session value set {"key":"last_activity","session_id":"iam63de7dn15a9m4laho2utpp2"} []
[2025-07-04 02:34:52] DEBUG: Handling request: POST /api/auth/logout [] []
[2025-07-04 02:34:52] DEBUG: CORS middleware processed [] []
[2025-07-04 02:34:52] INFO: Request received {"method":"POST","path":"/api/auth/logout","query":[],"user_agent":"PostmanRuntime/7.44.0"} []
[2025-07-04 02:34:52] INFO: [SESSION] Session cleared {"session_id":"iam63de7dn15a9m4laho2utpp2"} []
[2025-07-04 02:34:52] INFO: [OTP] User logged out {"session_id":"iam63de7dn15a9m4laho2utpp2"} []
[2025-07-04 02:35:08] INFO: [SESSION] Session initialized {"session_id":"iam63de7dn15a9m4laho2utpp2","secure":false} []
[2025-07-04 02:35:08] INFO: [MINDBODY API] API client initialized {"api_key":"5c339...","site_id":"-2147480113","source_name":"_BLINK"} []
[2025-07-04 02:35:08] INFO: FlexKit Ten application started {"request_uri":"/api/auth/status","method":"POST","user_agent":"PostmanRuntime/7.44.0"} []
[2025-07-04 02:35:08] DEBUG: Session value set {"key":"last_activity","session_id":"iam63de7dn15a9m4laho2utpp2"} []
[2025-07-04 02:35:08] DEBUG: Handling request: POST /api/auth/status [] []
[2025-07-04 02:35:08] DEBUG: CORS middleware processed [] []
[2025-07-04 02:35:08] INFO: Request received {"method":"POST","path":"/api/auth/status","query":[],"user_agent":"PostmanRuntime/7.44.0"} []
[2025-07-04 02:35:13] INFO: [SESSION] Session initialized {"session_id":"iam63de7dn15a9m4laho2utpp2","secure":false} []
[2025-07-04 02:35:13] INFO: [MINDBODY API] API client initialized {"api_key":"5c339...","site_id":"-2147480113","source_name":"_BLINK"} []
[2025-07-04 02:35:13] INFO: FlexKit Ten application started {"request_uri":"/api/auth/status","method":"GET","user_agent":"PostmanRuntime/7.44.0"} []
[2025-07-04 02:35:13] DEBUG: Session value set {"key":"last_activity","session_id":"iam63de7dn15a9m4laho2utpp2"} []
[2025-07-04 02:35:13] DEBUG: Handling request: GET /api/auth/status [] []
[2025-07-04 02:35:13] DEBUG: CORS middleware processed [] []
[2025-07-04 02:35:13] INFO: Request received {"method":"GET","path":"/api/auth/status","query":[],"user_agent":"PostmanRuntime/7.44.0"} []
[2025-07-04 02:35:22] INFO: [SESSION] Session initialized {"session_id":"iam63de7dn15a9m4laho2utpp2","secure":false} []
[2025-07-04 02:35:22] INFO: [MINDBODY API] API client initialized {"api_key":"5c339...","site_id":"-2147480113","source_name":"_BLINK"} []
[2025-07-04 02:35:22] INFO: FlexKit Ten application started {"request_uri":"/api/auth/email","method":"GET","user_agent":"PostmanRuntime/7.44.0"} []
[2025-07-04 02:35:22] DEBUG: Session value set {"key":"last_activity","session_id":"iam63de7dn15a9m4laho2utpp2"} []
[2025-07-04 02:35:22] DEBUG: Handling request: GET /api/auth/email [] []
[2025-07-04 02:35:22] DEBUG: CORS middleware processed [] []
[2025-07-04 02:35:22] INFO: Request received {"method":"GET","path":"/api/auth/email","query":[],"user_agent":"PostmanRuntime/7.44.0"} []
[2025-07-04 02:35:25] INFO: [SESSION] Session initialized {"session_id":"iam63de7dn15a9m4laho2utpp2","secure":false} []
[2025-07-04 02:35:25] INFO: [MINDBODY API] API client initialized {"api_key":"5c339...","site_id":"-2147480113","source_name":"_BLINK"} []
[2025-07-04 02:35:25] INFO: FlexKit Ten application started {"request_uri":"/api/auth/email","method":"POST","user_agent":"PostmanRuntime/7.44.0"} []
[2025-07-04 02:35:25] DEBUG: Session value set {"key":"last_activity","session_id":"iam63de7dn15a9m4laho2utpp2"} []
[2025-07-04 02:35:25] DEBUG: Handling request: POST /api/auth/email [] []
[2025-07-04 02:35:25] DEBUG: CORS middleware processed [] []
[2025-07-04 02:35:25] INFO: Request received {"method":"POST","path":"/api/auth/email","query":[],"user_agent":"PostmanRuntime/7.44.0"} []
[2025-07-04 02:35:25] INFO: Starting email OTP process {"email":"gerardo.trujillo@inoneblink.com"} []
[2025-07-04 02:35:25] INFO: [OTP] Starting email OTP process {"email":"gerardo.trujillo@inoneblink.com"} []
[2025-07-04 02:35:25] INFO: [OTP] Searching client by email in Mindbody [] []
[2025-07-04 02:35:25] INFO: Searching client by email {"email":"gerardo.trujillo@inoneblink.com"} []
[2025-07-04 02:35:25] INFO: [MINDBODY API] Starting token request {"site_id":"-2147480113","source_name":"_BLINK"} []
[2025-07-04 02:35:25] INFO: [MINDBODY API] Making token request {"url":"https://api.mindbodyonline.com/public/v6/usertoken/issue","username":"_BLINK"} []
[2025-07-04 02:35:27] INFO: [MINDBODY API] Token obtained successfully [] []
[2025-07-04 02:35:27] INFO: [MINDBODY API] Making API request {"method":"GET","url":"https://api.mindbodyonline.com/public/v6/client/clients?searchText=gerardo.trujillo%40inoneblink.com","params":{"searchText":"gerardo.trujillo@inoneblink.com"}} []
[2025-07-04 02:35:28] INFO: [MINDBODY API] API request successful {"endpoint":"/client/clients","response_size":1924} []
[2025-07-04 02:35:28] INFO: Client search successful {"email":"gerardo.trujillo@inoneblink.com","clients_found":1} []
[2025-07-04 02:35:28] INFO: [OTP] Client found in Mindbody {"client_id":"100000011","first_name":"Gerardo","last_name":"Trujillo"} []
[2025-07-04 02:35:28] DEBUG: Session value set {"key":"mbo_client","session_id":"iam63de7dn15a9m4laho2utpp2"} []
[2025-07-04 02:35:28] INFO: [OTP] OTP stored in database {"otp_id":11,"expires_at":"2025-07-04 02:45:28"} []
[2025-07-04 02:35:28] INFO: [OTP] DEVELOPMENT MODE: OTP would be sent {"email":"gerardo.trujillo@inoneblink.com","otp_code":"743542","subject":"FlexKit Verification Code","message":"Hi Gerardo Trujillo,\n\nYour FlexKit verification code is: 743542\n\nThis code will expire in 10 minutes.\nNever share this code with anyone.\n\nPowered by FlexKit."} []
[2025-07-04 02:35:28] INFO: [OTP] OTP email sent successfully {"email":"gerardo.trujillo@inoneblink.com"} []
[2025-07-04 02:35:45] INFO: [SESSION] Session initialized {"session_id":"iam63de7dn15a9m4laho2utpp2","secure":false} []
[2025-07-04 02:35:45] INFO: [MINDBODY API] API client initialized {"api_key":"5c339...","site_id":"-2147480113","source_name":"_BLINK"} []
[2025-07-04 02:35:45] INFO: FlexKit Ten application started {"request_uri":"/api/auth/verify","method":"POST","user_agent":"PostmanRuntime/7.44.0"} []
[2025-07-04 02:35:45] DEBUG: Session value set {"key":"last_activity","session_id":"iam63de7dn15a9m4laho2utpp2"} []
[2025-07-04 02:35:45] DEBUG: Handling request: POST /api/auth/verify [] []
[2025-07-04 02:35:45] DEBUG: CORS middleware processed [] []
[2025-07-04 02:35:45] INFO: Request received {"method":"POST","path":"/api/auth/verify","query":[],"user_agent":"PostmanRuntime/7.44.0"} []
[2025-07-04 02:35:45] INFO: [OTP] Starting OTP verification {"otp_code":"743542"} []
[2025-07-04 02:35:45] INFO: [OTP] Valid OTP found {"otp_id":11,"client_id":100000011} []
[2025-07-04 02:35:45] INFO: [MINDBODY API] Starting token request {"site_id":"-2147480113","source_name":"_BLINK"} []
[2025-07-04 02:35:45] INFO: [MINDBODY API] Making token request {"url":"https://api.mindbodyonline.com/public/v6/usertoken/issue","username":"_BLINK"} []
[2025-07-04 02:35:46] INFO: [MINDBODY API] Token obtained successfully [] []
[2025-07-04 02:35:46] INFO: [MINDBODY API] Making API request {"method":"GET","url":"https://api.mindbodyonline.com/public/v6/client/clients?clientIds%5B0%5D=100000011","params":{"clientIds":[100000011]}} []
[2025-07-04 02:35:47] INFO: [MINDBODY API] API request successful {"endpoint":"/client/clients","response_size":1924} []
[2025-07-04 02:35:47] INFO: [OTP] Stored new client details {"client_id":"100000011"} []
[2025-07-04 02:35:47] DEBUG: Session value set {"key":"authenticated_client","session_id":"iam63de7dn15a9m4laho2utpp2"} []
[2025-07-04 02:35:47] DEBUG: Session value set {"key":"auth_time","session_id":"iam63de7dn15a9m4laho2utpp2"} []
[2025-07-04 02:35:47] INFO: [OTP] OTP verification successful {"client_id":"100000011","email":"gerardo.trujillo@inoneblink.com"} []
[2025-07-04 02:35:53] INFO: [SESSION] Session initialized {"session_id":"iam63de7dn15a9m4laho2utpp2","secure":false} []
[2025-07-04 02:35:53] INFO: [MINDBODY API] API client initialized {"api_key":"5c339...","site_id":"-2147480113","source_name":"_BLINK"} []
[2025-07-04 02:35:53] INFO: FlexKit Ten application started {"request_uri":"/api/auth/status","method":"GET","user_agent":"PostmanRuntime/7.44.0"} []
[2025-07-04 02:35:53] DEBUG: Session value set {"key":"last_activity","session_id":"iam63de7dn15a9m4laho2utpp2"} []
[2025-07-04 02:35:53] DEBUG: Handling request: GET /api/auth/status [] []
[2025-07-04 02:35:53] DEBUG: CORS middleware processed [] []
[2025-07-04 02:35:53] INFO: Request received {"method":"GET","path":"/api/auth/status","query":[],"user_agent":"PostmanRuntime/7.44.0"} []
